[35m[1mScanning dependencies of target tf2_msgs_generate_messages_lisp
[0m[35m[1mScanning dependencies of target tf_generate_messages_cpp
[0m[  0%] Built target tf2_msgs_generate_messages_lisp
[  0%] Built target tf_generate_messages_cpp
[35m[1mScanning dependencies of target dynamic_reconfigure_gencfg
[35m[1mScanning dependencies of target sensor_msgs_generate_messages_cpp
[0m[0m[  0%] [  0%] Built target dynamic_reconfigure_gencfg
Built target sensor_msgs_generate_messages_cpp
[35m[1mScanning dependencies of target dynamic_reconfigure_generate_messages_lisp
[0m[35m[1mScanning dependencies of target sensor_msgs_generate_messages_py
[0m[  0%] Built target dynamic_reconfigure_generate_messages_lisp
[  0%] Built target sensor_msgs_generate_messages_py
[35m[1mScanning dependencies of target dynamic_reconfigure_generate_messages_cpp
[0m[35m[1mScanning dependencies of target dynamic_reconfigure_generate_messages_py
[0m[  0%] Built target dynamic_reconfigure_generate_messages_cpp
[  0%] Built target dynamic_reconfigure_generate_messages_py
[35m[1mScanning dependencies of target roscpp_generate_messages_lisp
[0m[  0%] Built target roscpp_generate_messages_lisp
[35m[1mScanning dependencies of target sensor_msgs_generate_messages_lisp
[0m[  0%] Built target sensor_msgs_generate_messages_lisp
[35m[1mScanning dependencies of target rosgraph_msgs_generate_messages_lisp
[0m[  0%] Built target rosgraph_msgs_generate_messages_lisp
[35m[1mScanning dependencies of target actionlib_generate_messages_cpp
[0m[  0%] Built target actionlib_generate_messages_cpp
[35m[1mScanning dependencies of target actionlib_generate_messages_lisp
[0m[  0%] Built target actionlib_generate_messages_lisp
[35m[1mScanning dependencies of target actionlib_generate_messages_py
[0m[  0%] Built target actionlib_generate_messages_py
[35m[1mScanning dependencies of target tf2_msgs_generate_messages_cpp
[0m[  0%] Built target tf2_msgs_generate_messages_cpp
[35m[1mScanning dependencies of target roscpp_generate_messages_py
[0m[  0%] Built target roscpp_generate_messages_py
[35m[1mScanning dependencies of target roscpp_generate_messages_cpp
[0m[  0%] Built target roscpp_generate_messages_cpp
[35m[1mScanning dependencies of target tf_generate_messages_py
[0m[35m[1mScanning dependencies of target std_msgs_generate_messages_lisp
[0m[  0%] Built target tf_generate_messages_py
[  0%] Built target std_msgs_generate_messages_lisp
[35m[1mScanning dependencies of target tf2_msgs_generate_messages_py
[0m[  0%] Built target tf2_msgs_generate_messages_py
[35m[1mScanning dependencies of target std_msgs_generate_messages_cpp
[0m[  0%] Built target std_msgs_generate_messages_cpp
[35m[1mScanning dependencies of target tf_generate_messages_lisp
[0m[  0%] Built target tf_generate_messages_lisp
[35m[1mScanning dependencies of target geometry_msgs_generate_messages_cpp
[0m[  0%] Built target geometry_msgs_generate_messages_cpp
[35m[1mScanning dependencies of target geometry_msgs_generate_messages_lisp
[0m[  0%] Built target geometry_msgs_generate_messages_lisp
[35m[1mScanning dependencies of target std_msgs_generate_messages_py
[0m[  0%] Built target std_msgs_generate_messages_py
[35m[1mScanning dependencies of target rosgraph_msgs_generate_messages_py
[0m[  0%] Built target rosgraph_msgs_generate_messages_py
[35m[1mScanning dependencies of target rosgraph_msgs_generate_messages_cpp
[0m[  0%] Built target rosgraph_msgs_generate_messages_cpp
[35m[1mScanning dependencies of target geometry_msgs_generate_messages_py
[0m[  0%] Built target geometry_msgs_generate_messages_py
[35m[1mScanning dependencies of target actionlib_msgs_generate_messages_cpp
[35m[1mScanning dependencies of target actionlib_msgs_generate_messages_lisp
[0m[0m[  0%] [  0%] Built target actionlib_msgs_generate_messages_lisp
Built target actionlib_msgs_generate_messages_cpp
[35m[1mScanning dependencies of target actionlib_msgs_generate_messages_py
[0m[  0%] Built target actionlib_msgs_generate_messages_py
[35m[1mScanning dependencies of target os5000
[0m[ 33%] [32mBuilding CXX object CMakeFiles/os5000.dir/src/OS5000.cpp.o
[0m[31m[1mLinking CXX shared library /home/IGV/IGV_ws/src/devel/.private/os5000/lib/libos5000.so
[0m[ 33%] Built target os5000
[35m[1mScanning dependencies of target igv_OS5000
[0m[ 66%] [32mBuilding CXX object CMakeFiles/igv_OS5000.dir/node/compass.cpp.o
[0m[100%] [32mBuilding CXX object CMakeFiles/igv_OS5000.dir/src/OS5000.cpp.o
[0m[31m[1mLinking CXX executable /home/IGV/IGV_ws/src/devel/.private/os5000/lib/os5000/igv_OS5000
[0m[100%] Built target igv_OS5000
